<?xml version="1.0" encoding="UTF-8"?>
<testsuite name="pl.kasieksoft.addressbook.tests.ContactDeletionTests" tests="1" skipped="0" failures="0" errors="0" timestamp="2018-12-31T13:06:58" hostname="DESKTOP-DPOIL8C" time="0.949">
  <properties/>
  <testcase name="testContactDeletion" classname="pl.kasieksoft.addressbook.tests.ContactDeletionTests" time="0.949"/>
  <system-out><![CDATA[]]></system-out>
  <system-err><![CDATA[]]></system-err>
</testsuite>
