<?xml version="1.0" encoding="UTF-8"?>
<testsuite name="pl.kasieksoft.addressbook.tests.GroupModificationTests" tests="1" skipped="0" failures="0" errors="0" timestamp="2018-12-31T13:06:32" hostname="DESKTOP-DPOIL8C" time="1.747">
  <properties/>
  <testcase name="testGroupModification" classname="pl.kasieksoft.addressbook.tests.GroupModificationTests" time="1.747"/>
  <system-out><![CDATA[]]></system-out>
  <system-err><![CDATA[]]></system-err>
</testsuite>
