<?xml version="1.0" encoding="UTF-8"?>
<testsuite name="pl.kasieksoft.addressbook.tests.GroupCreationTests" tests="3" skipped="0" failures="0" errors="0" timestamp="2018-12-31T13:06:27" hostname="DESKTOP-DPOIL8C" time="4.902">
  <properties/>
  <testcase name="testGroupCreation[0](GroupData{id='0', name='test 0'})" classname="pl.kasieksoft.addressbook.tests.GroupCreationTests" time="1.815"/>
  <testcase name="testGroupCreation[1](GroupData{id='0', name='test 1'})" classname="pl.kasieksoft.addressbook.tests.GroupCreationTests" time="1.552"/>
  <testcase name="testGroupCreation[2](GroupData{id='0', name='test 2'})" classname="pl.kasieksoft.addressbook.tests.GroupCreationTests" time="1.535"/>
  <system-out><![CDATA[]]></system-out>
  <system-err><![CDATA[]]></system-err>
</testsuite>
