<?xml version="1.0" encoding="UTF-8"?>
<testsuite name="pl.kasieksoft.addressbook.tests.ContactModificationTests" tests="1" skipped="0" failures="0" errors="0" timestamp="2018-12-31T13:06:50" hostname="DESKTOP-DPOIL8C" time="8.254">
  <properties/>
  <testcase name="testContactModification" classname="pl.kasieksoft.addressbook.tests.ContactModificationTests" time="8.254"/>
  <system-out><![CDATA[]]></system-out>
  <system-err><![CDATA[]]></system-err>
</testsuite>
